{"/Users/Declan/code/training/js/gilded_rose/gilded_rose.js":{"path":"/Users/Declan/code/training/js/gilded_rose/gilded_rose.js","s":{"1":1,"2":1,"3":14,"4":14,"5":14,"6":1,"7":1,"8":1,"9":1,"10":14,"11":5,"12":4,"13":2,"14":9,"15":7,"16":7,"17":6,"18":5,"19":3,"20":6,"21":3,"22":2,"23":14,"24":12,"25":14,"26":6,"27":4,"28":3,"29":2,"30":1,"31":1,"32":2,"33":1},"b":{"1":[5,9],"2":[14,11],"3":[4,1],"4":[2,2],"5":[7,2],"6":[6,1],"7":[5,1],"8":[3,2],"9":[3,3],"10":[2,1],"11":[12,2],"12":[6,8],"13":[4,2],"14":[3,1],"15":[2,1],"16":[1,1],"17":[1,1]},"f":{"1":1,"2":14,"3":1},"fnMap":{"1":{"name":"(anonymous_1)","line":1,"loc":{"start":{"line":1,"column":17},"end":{"line":1,"column":29}}},"2":{"name":"(anonymous_2)","line":2,"loc":{"start":{"line":2,"column":14},"end":{"line":2,"column":48}}},"3":{"name":"(anonymous_3)","line":10,"loc":{"start":{"line":10,"column":24},"end":{"line":10,"column":36}}}},"statementMap":{"1":{"start":{"line":1,"column":0},"end":{"line":58,"column":2}},"2":{"start":{"line":2,"column":2},"end":{"line":6,"column":4}},"3":{"start":{"line":3,"column":4},"end":{"line":3,"column":21}},"4":{"start":{"line":4,"column":4},"end":{"line":4,"column":27}},"5":{"start":{"line":5,"column":4},"end":{"line":5,"column":27}},"6":{"start":{"line":8,"column":2},"end":{"line":8,"column":18}},"7":{"start":{"line":10,"column":2},"end":{"line":57,"column":3}},"8":{"start":{"line":11,"column":4},"end":{"line":11,"column":27}},"9":{"start":{"line":12,"column":4},"end":{"line":56,"column":5}},"10":{"start":{"line":13,"column":6},"end":{"line":35,"column":7}},"11":{"start":{"line":14,"column":8},"end":{"line":18,"column":9}},"12":{"start":{"line":15,"column":10},"end":{"line":17,"column":11}},"13":{"start":{"line":16,"column":12},"end":{"line":16,"column":51}},"14":{"start":{"line":20,"column":8},"end":{"line":34,"column":9}},"15":{"start":{"line":21,"column":10},"end":{"line":21,"column":49}},"16":{"start":{"line":22,"column":10},"end":{"line":33,"column":11}},"17":{"start":{"line":23,"column":12},"end":{"line":27,"column":13}},"18":{"start":{"line":24,"column":14},"end":{"line":26,"column":15}},"19":{"start":{"line":25,"column":16},"end":{"line":25,"column":55}},"20":{"start":{"line":28,"column":12},"end":{"line":32,"column":13}},"21":{"start":{"line":29,"column":14},"end":{"line":31,"column":15}},"22":{"start":{"line":30,"column":16},"end":{"line":30,"column":55}},"23":{"start":{"line":36,"column":6},"end":{"line":38,"column":7}},"24":{"start":{"line":37,"column":8},"end":{"line":37,"column":48}},"25":{"start":{"line":39,"column":6},"end":{"line":55,"column":7}},"26":{"start":{"line":40,"column":8},"end":{"line":54,"column":9}},"27":{"start":{"line":41,"column":10},"end":{"line":49,"column":11}},"28":{"start":{"line":42,"column":12},"end":{"line":46,"column":13}},"29":{"start":{"line":43,"column":14},"end":{"line":45,"column":15}},"30":{"start":{"line":44,"column":16},"end":{"line":44,"column":55}},"31":{"start":{"line":48,"column":12},"end":{"line":48,"column":66}},"32":{"start":{"line":51,"column":10},"end":{"line":53,"column":11}},"33":{"start":{"line":52,"column":12},"end":{"line":52,"column":51}}},"branchMap":{"1":{"line":13,"type":"if","locations":[{"start":{"line":13,"column":6},"end":{"line":13,"column":6}},{"start":{"line":13,"column":6},"end":{"line":13,"column":6}}]},"2":{"line":13,"type":"binary-expr","locations":[{"start":{"line":13,"column":10},"end":{"line":13,"column":38}},{"start":{"line":13,"column":42},"end":{"line":13,"column":102}}]},"3":{"line":14,"type":"if","locations":[{"start":{"line":14,"column":8},"end":{"line":14,"column":8}},{"start":{"line":14,"column":8},"end":{"line":14,"column":8}}]},"4":{"line":15,"type":"if","locations":[{"start":{"line":15,"column":10},"end":{"line":15,"column":10}},{"start":{"line":15,"column":10},"end":{"line":15,"column":10}}]},"5":{"line":20,"type":"if","locations":[{"start":{"line":20,"column":8},"end":{"line":20,"column":8}},{"start":{"line":20,"column":8},"end":{"line":20,"column":8}}]},"6":{"line":22,"type":"if","locations":[{"start":{"line":22,"column":10},"end":{"line":22,"column":10}},{"start":{"line":22,"column":10},"end":{"line":22,"column":10}}]},"7":{"line":23,"type":"if","locations":[{"start":{"line":23,"column":12},"end":{"line":23,"column":12}},{"start":{"line":23,"column":12},"end":{"line":23,"column":12}}]},"8":{"line":24,"type":"if","locations":[{"start":{"line":24,"column":14},"end":{"line":24,"column":14}},{"start":{"line":24,"column":14},"end":{"line":24,"column":14}}]},"9":{"line":28,"type":"if","locations":[{"start":{"line":28,"column":12},"end":{"line":28,"column":12}},{"start":{"line":28,"column":12},"end":{"line":28,"column":12}}]},"10":{"line":29,"type":"if","locations":[{"start":{"line":29,"column":14},"end":{"line":29,"column":14}},{"start":{"line":29,"column":14},"end":{"line":29,"column":14}}]},"11":{"line":36,"type":"if","locations":[{"start":{"line":36,"column":6},"end":{"line":36,"column":6}},{"start":{"line":36,"column":6},"end":{"line":36,"column":6}}]},"12":{"line":39,"type":"if","locations":[{"start":{"line":39,"column":6},"end":{"line":39,"column":6}},{"start":{"line":39,"column":6},"end":{"line":39,"column":6}}]},"13":{"line":40,"type":"if","locations":[{"start":{"line":40,"column":8},"end":{"line":40,"column":8}},{"start":{"line":40,"column":8},"end":{"line":40,"column":8}}]},"14":{"line":41,"type":"if","locations":[{"start":{"line":41,"column":10},"end":{"line":41,"column":10}},{"start":{"line":41,"column":10},"end":{"line":41,"column":10}}]},"15":{"line":42,"type":"if","locations":[{"start":{"line":42,"column":12},"end":{"line":42,"column":12}},{"start":{"line":42,"column":12},"end":{"line":42,"column":12}}]},"16":{"line":43,"type":"if","locations":[{"start":{"line":43,"column":14},"end":{"line":43,"column":14}},{"start":{"line":43,"column":14},"end":{"line":43,"column":14}}]},"17":{"line":51,"type":"if","locations":[{"start":{"line":51,"column":10},"end":{"line":51,"column":10}},{"start":{"line":51,"column":10},"end":{"line":51,"column":10}}]}}},"/Users/Declan/code/training/js/gilded_rose/gilded_rose.spec.js":{"path":"/Users/Declan/code/training/js/gilded_rose/gilded_rose.spec.js","s":{"1":1,"2":1,"3":1,"4":1,"5":1,"6":1,"7":1,"8":1,"9":1,"10":1,"11":1,"12":1,"13":1,"14":1,"15":1,"16":1,"17":1,"18":1,"19":1,"20":1,"21":1,"22":1,"23":1,"24":1},"b":{},"f":{"1":1,"2":1},"fnMap":{"1":{"name":"(anonymous_1)","line":5,"loc":{"start":{"line":5,"column":24},"end":{"line":5,"column":35}}},"2":{"name":"(anonymous_2)","line":6,"loc":{"start":{"line":6,"column":28},"end":{"line":6,"column":39}}}},"statementMap":{"1":{"start":{"line":1,"column":0},"end":{"line":1,"column":29}},"2":{"start":{"line":2,"column":0},"end":{"line":2,"column":23}},"3":{"start":{"line":3,"column":0},"end":{"line":3,"column":42}},"4":{"start":{"line":5,"column":0},"end":{"line":31,"column":3}},"5":{"start":{"line":6,"column":2},"end":{"line":30,"column":5}},"6":{"start":{"line":7,"column":4},"end":{"line":7,"column":38}},"7":{"start":{"line":8,"column":4},"end":{"line":8,"column":33}},"8":{"start":{"line":10,"column":4},"end":{"line":10,"column":65}},"9":{"start":{"line":11,"column":4},"end":{"line":11,"column":57}},"10":{"start":{"line":12,"column":4},"end":{"line":12,"column":57}},"11":{"start":{"line":13,"column":4},"end":{"line":13,"column":57}},"12":{"start":{"line":14,"column":4},"end":{"line":14,"column":89}},"13":{"start":{"line":15,"column":4},"end":{"line":15,"column":89}},"14":{"start":{"line":16,"column":4},"end":{"line":16,"column":90}},"15":{"start":{"line":17,"column":4},"end":{"line":17,"column":90}},"16":{"start":{"line":18,"column":4},"end":{"line":18,"column":90}},"17":{"start":{"line":19,"column":4},"end":{"line":19,"column":89}},"18":{"start":{"line":20,"column":4},"end":{"line":20,"column":73}},"19":{"start":{"line":21,"column":4},"end":{"line":21,"column":74}},"20":{"start":{"line":22,"column":4},"end":{"line":22,"column":69}},"21":{"start":{"line":23,"column":4},"end":{"line":23,"column":69}},"22":{"start":{"line":25,"column":4},"end":{"line":25,"column":32}},"23":{"start":{"line":27,"column":4},"end":{"line":27,"column":97}},"24":{"start":{"line":29,"column":4},"end":{"line":29,"column":34}}},"branchMap":{}}}