TN:
SF:/Users/Declan/code/training/js/gilded_rose/gilded_rose.js
FN:1,(anonymous_1)
FN:2,(anonymous_2)
FN:10,(anonymous_3)
FNF:3
FNH:3
FNDA:1,(anonymous_1)
FNDA:14,(anonymous_2)
FNDA:1,(anonymous_3)
DA:1,1
DA:2,1
DA:3,14
DA:4,14
DA:5,14
DA:8,1
DA:10,1
DA:11,1
DA:12,1
DA:13,14
DA:14,5
DA:15,4
DA:16,2
DA:20,9
DA:21,7
DA:22,7
DA:23,6
DA:24,5
DA:25,3
DA:28,6
DA:29,3
DA:30,2
DA:36,14
DA:37,12
DA:39,14
DA:40,6
DA:41,4
DA:42,3
DA:43,2
DA:44,1
DA:48,1
DA:51,2
DA:52,1
LF:33
LH:33
BRDA:13,1,0,5
BRDA:13,1,1,9
BRDA:13,2,0,14
BRDA:13,2,1,11
BRDA:14,3,0,4
BRDA:14,3,1,1
BRDA:15,4,0,2
BRDA:15,4,1,2
BRDA:20,5,0,7
BRDA:20,5,1,2
BRDA:22,6,0,6
BRDA:22,6,1,1
BRDA:23,7,0,5
BRDA:23,7,1,1
BRDA:24,8,0,3
BRDA:24,8,1,2
BRDA:28,9,0,3
BRDA:28,9,1,3
BRDA:29,10,0,2
BRDA:29,10,1,1
BRDA:36,11,0,12
BRDA:36,11,1,2
BRDA:39,12,0,6
BRDA:39,12,1,8
BRDA:40,13,0,4
BRDA:40,13,1,2
BRDA:41,14,0,3
BRDA:41,14,1,1
BRDA:42,15,0,2
BRDA:42,15,1,1
BRDA:43,16,0,1
BRDA:43,16,1,1
BRDA:51,17,0,1
BRDA:51,17,1,1
BRF:34
BRH:34
end_of_record
TN:
SF:/Users/Declan/code/training/js/gilded_rose/gilded_rose.spec.js
FN:5,(anonymous_1)
FN:6,(anonymous_2)
FNF:2
FNH:2
FNDA:1,(anonymous_1)
FNDA:1,(anonymous_2)
DA:1,1
DA:2,1
DA:3,1
DA:5,1
DA:6,1
DA:7,1
DA:8,1
DA:10,1
DA:11,1
DA:12,1
DA:13,1
DA:14,1
DA:15,1
DA:16,1
DA:17,1
DA:18,1
DA:19,1
DA:20,1
DA:21,1
DA:22,1
DA:23,1
DA:25,1
DA:27,1
DA:29,1
LF:24
LH:24
BRF:0
BRH:0
end_of_record
